<?xml version="1.0" encoding="UTF-8"?>
<!-- Generated by org.testng.reporters.JUnitReportReporter -->
<testsuite hostname="shahid" failures="0" tests="1" name="appiumtest.AppiumBasics" time="19.270" errors="0" timestamp="2024-06-07T00:52:50 IST" skipped="0">
  <testcase classname="appiumtest.AppiumBasics" name="AppiumTest" time="19.270"/>
  <system-out/>
</testsuite> <!-- appiumtest.AppiumBasics -->
